<?xml version="1.0" encoding="UTF-8"?>
<!-- Generated by org.testng.reporters.JUnitReportReporter -->
<testsuite hostname="LAPTOP-DA5IROTE" failures="0" tests="1" name="TestCaseExecution.LoginTest" time="51.917" errors="0" timestamp="18 Jan 2021 12:30:20 GMT">
  <testcase classname="TestCaseExecution.LoginTest" name="logintest" time="51.917"/>
</testsuite> <!-- TestCaseExecution.LoginTest -->
