<?xml version="1.0" encoding="UTF-8"?>
<!-- Generated by org.testng.reporters.JUnitReportReporter -->
<testsuite hostname="LAPTOP-DA5IROTE" name="TestCaseExecution.LoginTest" tests="1" failures="0" timestamp="8 Jan 2021 12:06:50 GMT" time="30.461" errors="0">
  <testcase name="logintest" time="30.461" classname="TestCaseExecution.LoginTest"/>
</testsuite> <!-- TestCaseExecution.LoginTest -->
