<?xml version="1.0" encoding="UTF-8"?>
<!-- Generated by org.testng.reporters.JUnitReportReporter -->
<testsuite hostname="LAPTOP-DA5IROTE" name="TestCaseExecution.LoginTest" tests="1" failures="0" timestamp="12 Jan 2021 12:39:57 GMT" time="46.775" errors="0">
  <testcase name="logintest" time="46.775" classname="TestCaseExecution.LoginTest"/>
</testsuite> <!-- TestCaseExecution.LoginTest -->
